[debug] [2019-04-16T18:51:38.527Z] ----------------------------------------------------------------------
[debug] [2019-04-16T18:51:38.529Z] Command:       /usr/local/bin/node /usr/local/bin/firebase serve
[debug] [2019-04-16T18:51:38.529Z] CLI Version:   6.6.0
[debug] [2019-04-16T18:51:38.529Z] Platform:      darwin
[debug] [2019-04-16T18:51:38.529Z] Node Version:  v11.10.0
[debug] [2019-04-16T18:51:38.534Z] Time:          Tue Apr 16 2019 14:51:38 GMT-0400 (Eastern Daylight Time)
[debug] [2019-04-16T18:51:38.534Z] ----------------------------------------------------------------------
[debug] 
[debug] [2019-04-16T18:51:38.547Z] > command requires scopes: ["email","openid","https://www.googleapis.com/auth/cloudplatformprojects.readonly","https://www.googleapis.com/auth/firebase","https://www.googleapis.com/auth/cloud-platform"]
[debug] [2019-04-16T18:51:38.550Z] > authorizing via signed-in user
[debug] [2019-04-16T18:51:38.550Z] [iam] checking project econ-final-project for permissions ["firebase.projects.get"]
[debug] [2019-04-16T18:51:38.552Z] >>> HTTP REQUEST POST https://cloudresourcemanager.googleapis.com/v1/projects/econ-final-project:testIamPermissions  

[debug] [2019-04-16T18:51:38.776Z] <<< HTTP RESPONSE 200
[debug] [2019-04-16T18:51:38.779Z] >>> HTTP REQUEST GET https://cloudresourcemanager.googleapis.com/v1/projects/econ-final-project  
 
[debug] [2019-04-16T18:51:38.956Z] <<< HTTP RESPONSE 200
[info] 
[info] === Serving from '/Users/maxpovinelli/Documents/GitHub/econ'...
[info] 
[debug] [2019-04-16T18:51:39.865Z] Error: EACCES: permission denied, mkdir '/usr/local/lib/node_modules/firebase-tools/node_modules/@google-cloud/functions-emulator/logs'
    at Object.mkdirSync (fs.js:773:3)
    at Object.assertLogsPath (/usr/local/lib/node_modules/firebase-tools/node_modules/@google-cloud/functions-emulator/src/emulator/logs.js:65:10)
    at new Controller (/usr/local/lib/node_modules/firebase-tools/node_modules/@google-cloud/functions-emulator/src/cli/controller.js:77:32)
    at FunctionsEmulator.start (/usr/local/lib/node_modules/firebase-tools/lib/functionsEmulator.js:102:23)
    at Object.start (/usr/local/lib/node_modules/firebase-tools/lib/serve/functions.js:7:33)
    at /usr/local/lib/node_modules/firebase-tools/lib/serve/index.js:15:23
    at arrayMap (/usr/local/lib/node_modules/firebase-tools/node_modules/lodash/lodash.js:639:23)
    at Function.map (/usr/local/lib/node_modules/firebase-tools/node_modules/lodash/lodash.js:9556:14)
    at _serve (/usr/local/lib/node_modules/firebase-tools/lib/serve/index.js:13:26)
    at Command.module.exports.Command.description.option.option.option.option.before.action [as _action] (/usr/local/lib/node_modules/firebase-tools/lib/commands/serve.js:55:12)
[error] 
[error] Error: An unexpected error has occurred.
